<?xml version="1.0" encoding="UTF-8"?>
<testng-results skipped="0" failed="0" total="0" passed="0">
  <reporter-output>
  </reporter-output>
  <suite name="maven.MavenProject.AppTest" duration-ms="0" started-at="2018-02-12T13:05:30Z" finished-at="2018-02-12T13:05:30Z">
    <groups>
    </groups>
    <test name="Command line test" duration-ms="0" started-at="2018-02-12T13:05:30Z" finished-at="2018-02-12T13:05:30Z">
    </test> <!-- Command line test -->
  </suite> <!-- maven.MavenProject.AppTest -->
</testng-results>
