<?xml version="1.0" encoding="UTF-8"?>
<testng-results skipped="0" failed="0" ignored="0" total="1" passed="1">
  <reporter-output>
  </reporter-output>
  <suite name="Default suite" duration-ms="67" started-at="2018-04-12T06:38:00Z" finished-at="2018-04-12T06:38:00Z">
    <groups>
    </groups>
    <test name="Default test" duration-ms="67" started-at="2018-04-12T06:38:00Z" finished-at="2018-04-12T06:38:00Z">
      <class name="maven.MavenProject.Sample">
        <test-method status="PASS" signature="mjen()[pri:0, instance:maven.MavenProject.Sample@1d371b2d]" name="mjen" duration-ms="14" started-at="2018-04-12T12:08:00Z" finished-at="2018-04-12T12:08:00Z">
          <reporter-output>
          </reporter-output>
        </test-method> <!-- mjen -->
      </class> <!-- maven.MavenProject.Sample -->
    </test> <!-- Default test -->
  </suite> <!-- Default suite -->
</testng-results>
