<?xml version="1.0" encoding="UTF-8"?>
<testng-results skipped="0" failed="0" ignored="0" total="1" passed="1">
  <reporter-output>
  </reporter-output>
  <suite name="Suite" duration-ms="54" started-at="2018-04-13T10:13:12Z" finished-at="2018-04-13T10:13:12Z">
    <groups>
    </groups>
    <test name="Test" duration-ms="54" started-at="2018-04-13T10:13:12Z" finished-at="2018-04-13T10:13:12Z">
      <class name="maven.MavenProject.Sample">
        <test-method status="PASS" signature="method()[pri:0, instance:maven.MavenProject.Sample@1d371b2d]" name="method" duration-ms="10" started-at="2018-04-13T15:43:12Z" finished-at="2018-04-13T15:43:12Z">
          <reporter-output>
          </reporter-output>
        </test-method> <!-- method -->
      </class> <!-- maven.MavenProject.Sample -->
    </test> <!-- Test -->
  </suite> <!-- Suite -->
</testng-results>
